This is pdfTeX, Version 3.141592653-2.6-1.40.23 (TeX Live 2021/W32TeX) (preloaded format=pdflatex 2022.3.30)  1 MAR 2023 10:24
entering extended mode
 restricted \write18 enabled.
 %&-line parsing enabled.
**C:/Users/JJ/Documents/GitHub/latex-editor/projects/latex-editor/.tmp/active/m
ain.tex

(c:/Users/JJ/Documents/GitHub/latex-editor/projects/latex-editor/.tmp/active/ma
in.tex
LaTeX2e <2021-11-15> patch level 1
L3 programming layer <2022-02-24>
(c:/Users/JJ/Documents/GitHub/latex-editor/projects/latex-editor/bin/texlive/20
21/texmf-dist/tex/latex/base/article.cls
Document Class: article 2021/10/04 v1.4n Standard LaTeX document class

(c:/Users/JJ/Documents/GitHub/latex-editor/projects/latex-editor/bin/texlive/20
21/texmf-dist/tex/latex/base/size10.clo
File: size10.clo 2021/10/04 v1.4n Standard LaTeX file (size option)
)
\c@part=\count185
\c@section=\count186
\c@subsection=\count187
\c@subsubsection=\count188
\c@paragraph=\count189
\c@subparagraph=\count190
\c@figure=\count191
\c@table=\count192
\abovecaptionskip=\skip47
\belowcaptionskip=\skip48
\bibindent=\dimen138
)
(c:/Users/JJ/Documents/GitHub/latex-editor/projects/latex-editor/bin/texlive/20
21/texmf-dist/tex/latex/amsmath/amsmath.sty
Package: amsmath 2021/10/15 v2.17l AMS math features
\@mathmargin=\skip49

For additional information on amsmath, use the `?' option.

(c:/Users/JJ/Documents/GitHub/latex-editor/projects/latex-editor/bin/texlive/20
21/texmf-dist/tex/latex/amsmath/amstext.sty
Package: amstext 2021/08/26 v2.01 AMS text

(c:/Users/JJ/Documents/GitHub/latex-editor/projects/latex-editor/bin/texlive/20
21/texmf-dist/tex/latex/amsmath/amsgen.sty
File: amsgen.sty 1999/11/30 v2.0 generic functions
\@emptytoks=\toks16
\ex@=\dimen139
))
(c:/Users/JJ/Documents/GitHub/latex-editor/projects/latex-editor/bin/texlive/20
21/texmf-dist/tex/latex/amsmath/amsbsy.sty
Package: amsbsy 1999/11/29 v1.2d Bold Symbols
\pmbraise@=\dimen140
)
(c:/Users/JJ/Documents/GitHub/latex-editor/projects/latex-editor/bin/texlive/20
21/texmf-dist/tex/latex/amsmath/amsopn.sty
Package: amsopn 2021/08/26 v2.02 operator names
)
\inf@bad=\count193
LaTeX Info: Redefining \frac on input line 234.
\uproot@=\count194
\leftroot@=\count195
LaTeX Info: Redefining \overline on input line 399.
\classnum@=\count196
\DOTSCASE@=\count197
LaTeX Info: Redefining \ldots on input line 496.
LaTeX Info: Redefining \dots on input line 499.
LaTeX Info: Redefining \cdots on input line 620.
\Mathstrutbox@=\box50
\strutbox@=\box51
\big@size=\dimen141
LaTeX Font Info:    Redeclaring font encoding OML on input line 743.
LaTeX Font Info:    Redeclaring font encoding OMS on input line 744.
\macc@depth=\count198
\c@MaxMatrixCols=\count199
\dotsspace@=\muskip16
\c@parentequation=\count266
\dspbrk@lvl=\count267
\tag@help=\toks17
\row@=\count268
\column@=\count269
\maxfields@=\count270
\andhelp@=\toks18
\eqnshift@=\dimen142
\alignsep@=\dimen143
\tagshift@=\dimen144
\tagwidth@=\dimen145
\totwidth@=\dimen146
\lineht@=\dimen147
\@envbody=\toks19
\multlinegap=\skip50
\multlinetaggap=\skip51
\mathdisplay@stack=\toks20
LaTeX Info: Redefining \[ on input line 2938.
LaTeX Info: Redefining \] on input line 2939.
)
(c:/Users/JJ/Documents/GitHub/latex-editor/projects/latex-editor/bin/texlive/20
21/texmf-dist/tex/latex/l3backend/l3backend-pdftex.def
File: l3backend-pdftex.def 2022-02-07 L3 backend support: PDF output (pdfTeX)
\l__color_backend_stack_int=\count271
\l__pdf_internal_box=\box52
)
No file main.aux.
\openout1 = `main.aux'.

LaTeX Font Info:    Checking defaults for OML/cmm/m/it on input line 10.
LaTeX Font Info:    ... okay on input line 10.
LaTeX Font Info:    Checking defaults for OMS/cmsy/m/n on input line 10.
LaTeX Font Info:    ... okay on input line 10.
LaTeX Font Info:    Checking defaults for OT1/cmr/m/n on input line 10.
LaTeX Font Info:    ... okay on input line 10.
LaTeX Font Info:    Checking defaults for T1/cmr/m/n on input line 10.
LaTeX Font Info:    ... okay on input line 10.
LaTeX Font Info:    Checking defaults for TS1/cmr/m/n on input line 10.
LaTeX Font Info:    ... okay on input line 10.
LaTeX Font Info:    Checking defaults for OMX/cmex/m/n on input line 10.
LaTeX Font Info:    ... okay on input line 10.
LaTeX Font Info:    Checking defaults for U/cmr/m/n on input line 10.
LaTeX Font Info:    ... okay on input line 10.
[1

{c:/Users/JJ/Documents/GitHub/latex-editor/projects/latex-editor/bin/texlive/20
21/texmf-var/fonts/map/pdftex/updmap/pdftex.map}] (./main.aux) ) 
Here is how much of TeX's memory you used:
 1127 strings out of 480236
 18510 string characters out of 5896100
 306689 words of memory out of 5000000
 19133 multiletter control sequences out of 15000+600000
 474335 words of font info for 46 fonts, out of 8000000 for 9000
 14 hyphenation exceptions out of 8191
 54i,6n,62p,322b,191s stack positions out of 5000i,500n,10000p,200000b,80000s
<c:/Users/JJ/Do
cuments/GitHub/latex-editor/projects/latex-editor/bin/texlive/2021/texmf-dist/f
onts/type1/public/amsfonts/cm/cmbx10.pfb><c:/Users/JJ/Documents/GitHub/latex-ed
itor/projects/latex-editor/bin/texlive/2021/texmf-dist/fonts/type1/public/amsfo
nts/cm/cmbx12.pfb><c:/Users/JJ/Documents/GitHub/latex-editor/projects/latex-edi
tor/bin/texlive/2021/texmf-dist/fonts/type1/public/amsfonts/cm/cmmi10.pfb><c:/U
sers/JJ/Documents/GitHub/latex-editor/projects/latex-editor/bin/texlive/2021/te
xmf-dist/fonts/type1/public/amsfonts/cm/cmr10.pfb><c:/Users/JJ/Documents/GitHub
/latex-editor/projects/latex-editor/bin/texlive/2021/texmf-dist/fonts/type1/pub
lic/amsfonts/cm/cmr12.pfb><c:/Users/JJ/Documents/GitHub/latex-editor/projects/l
atex-editor/bin/texlive/2021/texmf-dist/fonts/type1/public/amsfonts/cm/cmr17.pf
b><c:/Users/JJ/Documents/GitHub/latex-editor/projects/latex-editor/bin/texlive/
2021/texmf-dist/fonts/type1/public/amsfonts/cm/cmr7.pfb><c:/Users/JJ/Documents/
GitHub/latex-editor/projects/latex-editor/bin/texlive/2021/texmf-dist/fonts/typ
e1/public/amsfonts/cm/cmsy10.pfb>
Output written on main.pdf (1 page, 85966 bytes).
PDF statistics:
 48 PDF objects out of 1000 (max. 8388607)
 28 compressed objects within 1 object stream
 0 named destinations out of 1000 (max. 500000)
 1 words of extra memory for PDF output out of 10000 (max. 10000000)

